<?xml version="1.0" encoding="UTF-8"?>
<!-- Generated by org.testng.reporters.JUnitReportReporter -->
<testsuite skipped="0" hostname="DESKTOP-5DNG8CK" name="com.rmgyantra.api.SupriyaKulkarni.modifyProject" tests="1" failures="0" timestamp="04 Nov 2020 12:51:09 GMT" time="3.163" errors="0">
  <testcase name="modifyTest" time="3.163" classname="com.rmgyantra.api.SupriyaKulkarni.modifyProject"/>
</testsuite> <!-- com.rmgyantra.api.SupriyaKulkarni.modifyProject -->
