<?xml version="1.0" encoding="UTF-8"?>
<!-- Generated by org.testng.reporters.JUnitReportReporter -->
<testsuite skipped="0" hostname="DESKTOP-5DNG8CK" name="practice.GetAllPRoject_BDD" tests="1" failures="0" timestamp="04 Nov 2020 13:14:28 GMT" time="3.019" errors="0">
  <testcase name="getAllProject" time="3.019" classname="practice.GetAllPRoject_BDD"/>
</testsuite> <!-- practice.GetAllPRoject_BDD -->
